<?xml version="1.0" encoding="UTF-8"?>
<!-- Generated by org.testng.reporters.JUnitXMLReporter -->
<testsuite ignored="0" hostname="LAPTOP-96G9TDJ3" failures="1" tests="2" name="Test" time="37.302" errors="0" timestamp="2022-10-10T09:39:48 IST">
  <testcase classname="Test.Test_class_for_Sinup" name="Sin_up" time="5.187"/>
  <testcase classname="Test.Test_class_for_Sinup" name="serchOfFreind" time="27.365">
    <failure type="java.lang.IndexOutOfBoundsException" message="Index: 0">
      <![CDATA[java.lang.IndexOutOfBoundsException: Index: 0
at java.base/java.util.Collections$EmptyList.get(Collections.java:4586)
at org.openqa.selenium.support.pagefactory.internal.LocatingElementListHandler.invoke(LocatingElementListHandler.java:39)
at jdk.proxy2/jdk.proxy2.$Proxy12.get(Unknown Source)
at Handling_multiple_browser.Confirm_friend_reqest.DynamicSerch(Confirm_friend_reqest.java:33)
at Test.Test_class_for_Sinup.serchOfFreind(Test_class_for_Sinup.java:61)
at java.base/java.util.ArrayList.forEach(ArrayList.java:1511)
... Removed 31 stack frames]]>
    </failure>
  </testcase> <!-- serchOfFreind -->
</testsuite> <!-- Test -->
