<?xml version="1.0" encoding="UTF-8"?>
<!-- Generated by org.testng.reporters.JUnitXMLReporter -->
<testsuite ignored="0" hostname="LAPTOP-96G9TDJ3" failures="1" tests="2" name="Test" time="44.674" errors="0" timestamp="2022-09-24T15:09:35 IST">
  <testcase classname="Test.Test_class_for_Sinup" name="Sin_up" time="5.552"/>
  <testcase classname="Test.Test_class_for_Sinup" name="serchOfFreind" time="31.826">
    <failure type="java.lang.IndexOutOfBoundsException" message="Index 4 out of bounds for length 4">
      <![CDATA[java.lang.IndexOutOfBoundsException: Index 4 out of bounds for length 4
at java.base/jdk.internal.util.Preconditions.outOfBounds(Preconditions.java:64)
at java.base/jdk.internal.util.Preconditions.outOfBoundsCheckIndex(Preconditions.java:70)
at java.base/jdk.internal.util.Preconditions.checkIndex(Preconditions.java:266)
at java.base/java.util.Objects.checkIndex(Objects.java:359)
at java.base/java.util.ArrayList.get(ArrayList.java:427)
at org.openqa.selenium.support.pagefactory.internal.LocatingElementListHandler.invoke(LocatingElementListHandler.java:39)
at jdk.proxy2/jdk.proxy2.$Proxy12.get(Unknown Source)
at Handling_multiple_browser.Confirm_friend_reqest.DynamicSerch(Confirm_friend_reqest.java:36)
at Test.Test_class_for_Sinup.serchOfFreind(Test_class_for_Sinup.java:61)
at java.base/java.util.ArrayList.forEach(ArrayList.java:1511)
... Removed 31 stack frames]]>
    </failure>
  </testcase> <!-- serchOfFreind -->
</testsuite> <!-- Test -->
